Running: C:\Xilinx\14.7\ISE_DS\ISE\bin\nt64\unwrapped\fuse.exe -intstyle ise -incremental -o C:/Users/Mohammad masih/Desktop/MUX/ALU_isim_beh.exe -prj C:/Users/Mohammad masih/Desktop/MUX/ALU_beh.prj work.ALU 
ISim P.20131013 (signature 0x7708f090)
Number of CPUs detected in this system: 8
Turning on mult-threading, number of parallel sub-compilation jobs: 16 
Determining compilation order of HDL files
Parsing VHDL file "C:/Users/Mohammad masih/Desktop/MUX/MUX.vhd" into library work
Parsing VHDL file "C:/Users/Mohammad masih/Desktop/MUX/logic.vhd" into library work
Parsing VHDL file "C:/Users/Mohammad masih/Desktop/MUX/arithic.vhd" into library work
Parsing VHDL file "C:/Users/Mohammad masih/Desktop/MUX/ALU.vhd" into library work
Starting static elaboration
Completed static elaboration
Compiling package standard
Compiling package std_logic_1164
Compiling package std_logic_arith
Compiling package std_logic_unsigned
Compiling architecture behavioral of entity arithic [arithic_default]
Compiling architecture behavioral of entity logic [logic_default]
Compiling architecture behavioral of entity MUX [mux_default]
Compiling architecture behavioral of entity alu
Time Resolution for simulation is 1ps.
Waiting for 1 sub-compilation(s) to finish...
Compiled 11 VHDL Units
Built simulation executable C:/Users/Mohammad masih/Desktop/MUX/ALU_isim_beh.exe
Fuse Memory Usage: 34560 KB
Fuse CPU Usage: 671 ms
