ISim log file
Running: C:\Users\Mohammad masih\Desktop\MUX\ALU_isim_beh.exe -intstyle ise -gui -tclbatch isim.cmd -wdb C:/Users/Mohammad masih/Desktop/MUX/ALU_isim_beh.wdb 
ISim P.20131013 (signature 0x7708f090)
This is a Full version of ISim.
Time resolution is 1 ps
# onerror resume
# wave add /
# run 1000 ns
Simulator is doing circuit initialization process.
at 0 ps, Instance /alu/Inst_arithic/ : Warning: There is an 'U'|'X'|'W'|'Z'|'-' in an arithmetic operand, the result will be 'X'(es).
at 0 ps, Instance /alu/Inst_arithic/ : Warning: There is an 'U'|'X'|'W'|'Z'|'-' in an arithmetic operand, the result will be 'X'(es).
Finished circuit initialization process.
# isim force add /alu/a 01010101 -radix bin
# isim force add /alu/a 01010101 -radix bin
# isim force add /alu/a 01010101 -radix bin
# isim force add /alu/b 01000011 -radix bin
# show driver /alu/cin
/alu/cin has no drivers.
# isim force add /alu/cin 0 -radix bin
# isim force add /alu/s 0101 -radix bin
# run all
# run all
# run all
# run all
# run all
# run all
# run all
# run all
