Release 14.7 - xst P.20131013 (nt64)
Copyright (c) 1995-2013 Xilinx, Inc.  All rights reserved.
--> Parameter TMPDIR set to xst/projnav.tmp


Total REAL time to Xst completion: 1.00 secs
Total CPU time to Xst completion: 0.12 secs
 
--> Parameter xsthdpdir set to xst


Total REAL time to Xst completion: 1.00 secs
Total CPU time to Xst completion: 0.12 secs
 
--> Reading design: top.prj

TABLE OF CONTENTS
  1) Synthesis Options Summary
  2) HDL Compilation
  3) Design Hierarchy Analysis
  4) HDL Analysis
  5) HDL Synthesis
     5.1) HDL Synthesis Report
  6) Advanced HDL Synthesis
     6.1) Advanced HDL Synthesis Report
  7) Low Level Synthesis
  8) Partition Report
  9) Final Report
	9.1) Device utilization summary
	9.2) Partition Resource Summary
	9.3) TIMING REPORT


=========================================================================
*                      Synthesis Options Summary                        *
=========================================================================
---- Source Parameters
Input File Name                    : "top.prj"
Input Format                       : mixed
Ignore Synthesis Constraint File   : NO

---- Target Parameters
Output File Name                   : "top"
Output Format                      : NGC
Target Device                      : xc3s400-4-pq208

---- Source Options
Top Module Name                    : top
Automatic FSM Extraction           : YES
FSM Encoding Algorithm             : Auto
Safe Implementation                : No
FSM Style                          : LUT
RAM Extraction                     : Yes
RAM Style                          : Auto
ROM Extraction                     : Yes
Mux Style                          : Auto
Decoder Extraction                 : YES
Priority Encoder Extraction        : Yes
Shift Register Extraction          : YES
Logical Shifter Extraction         : YES
XOR Collapsing                     : YES
ROM Style                          : Auto
Mux Extraction                     : Yes
Resource Sharing                   : YES
Asynchronous To Synchronous        : NO
Multiplier Style                   : Auto
Automatic Register Balancing       : No

---- Target Options
Add IO Buffers                     : YES
Global Maximum Fanout              : 500
Add Generic Clock Buffer(BUFG)     : 8
Register Duplication               : YES
Slice Packing                      : YES
Optimize Instantiated Primitives   : NO
Use Clock Enable                   : Yes
Use Synchronous Set                : Yes
Use Synchronous Reset              : Yes
Pack IO Registers into IOBs        : Auto
Equivalent register Removal        : YES

---- General Options
Optimization Goal                  : Speed
Optimization Effort                : 1
Keep Hierarchy                     : No
Netlist Hierarchy                  : As_Optimized
RTL Output                         : Yes
Global Optimization                : AllClockNets
Read Cores                         : YES
Write Timing Constraints           : NO
Cross Clock Analysis               : NO
Hierarchy Separator                : /
Bus Delimiter                      : <>
Case Specifier                     : Maintain
Slice Utilization Ratio            : 100
BRAM Utilization Ratio             : 100
Verilog 2001                       : YES
Auto BRAM Packing                  : NO
Slice Utilization Ratio Delta      : 5

=========================================================================


=========================================================================
*                          HDL Compilation                              *
=========================================================================
Compiling vhdl file "C:/Users/pc/OneDrive/Desktop/aaz manteqi/2/MUX/arithic.vhd" in Library work.
Architecture behavioral of Entity arithic is up to date.
Compiling vhdl file "C:/Users/pc/OneDrive/Desktop/aaz manteqi/2/MUX/logic.vhd" in Library work.
Architecture behavioral of Entity logic is up to date.
Compiling vhdl file "C:/Users/pc/OneDrive/Desktop/aaz manteqi/2/MUX/MUX.vhd" in Library work.
Entity <mux> compiled.
Entity <mux> (Architecture <behavioral>) compiled.
Compiling vhdl file "C:/Users/pc/OneDrive/Desktop/aaz manteqi/2/MUX/top.vhd" in Library work.
Entity <top> compiled.
Entity <top> (Architecture <Behavioral>) compiled.

=========================================================================
*                     Design Hierarchy Analysis                         *
=========================================================================
Analyzing hierarchy for entity <top> in library <work> (architecture <Behavioral>).

Analyzing hierarchy for entity <MUX> in library <work> (architecture <behavioral>).

Analyzing hierarchy for entity <arithic> in library <work> (architecture <behavioral>).

Analyzing hierarchy for entity <logic> in library <work> (architecture <behavioral>).


=========================================================================
*                            HDL Analysis                               *
=========================================================================
Analyzing Entity <top> in library <work> (Architecture <Behavioral>).
Entity <top> analyzed. Unit <top> generated.

Analyzing Entity <MUX> in library <work> (Architecture <behavioral>).
Entity <MUX> analyzed. Unit <MUX> generated.

Analyzing Entity <arithic> in library <work> (Architecture <behavioral>).
Entity <arithic> analyzed. Unit <arithic> generated.

Analyzing Entity <logic> in library <work> (Architecture <behavioral>).
Entity <logic> analyzed. Unit <logic> generated.


=========================================================================
*                           HDL Synthesis                               *
=========================================================================

Performing bidirectional port resolution...

Synthesizing Unit <arithic>.
    Related source file is "C:/Users/pc/OneDrive/Desktop/aaz manteqi/2/MUX/arithic.vhd".
    Found 8-bit 8-to-1 multiplexer for signal <arthc>.
    Found 8-bit adder for signal <arthc$addsub0000> created at line 17.
    Found 8-bit subtractor for signal <arthc$addsub0001> created at line 17.
    Found 8-bit adder for signal <arthc$addsub0002> created at line 17.
    Found 8-bit subtractor for signal <arthc$addsub0003> created at line 17.
    Found 8-bit adder for signal <arthc$addsub0004> created at line 17.
    Found 8-bit adder carry in for signal <arthc$addsub0005> created at line 17.
    Summary:
	inferred   6 Adder/Subtractor(s).
	inferred   8 Multiplexer(s).
Unit <arithic> synthesized.


Synthesizing Unit <logic>.
    Related source file is "C:/Users/pc/OneDrive/Desktop/aaz manteqi/2/MUX/logic.vhd".
    Found 8-bit 8-to-1 multiplexer for signal <lgc>.
    Found 8-bit xor2 for signal <lgc$xor0000> created at line 15.
    Summary:
	inferred   8 Multiplexer(s).
Unit <logic> synthesized.


Synthesizing Unit <MUX>.
    Related source file is "C:/Users/pc/OneDrive/Desktop/aaz manteqi/2/MUX/MUX.vhd".
Unit <MUX> synthesized.


Synthesizing Unit <top>.
    Related source file is "C:/Users/pc/OneDrive/Desktop/aaz manteqi/2/MUX/top.vhd".
Unit <top> synthesized.


=========================================================================
HDL Synthesis Report

Macro Statistics
# Adders/Subtractors                                   : 6
 8-bit adder                                           : 3
 8-bit adder carry in                                  : 1
 8-bit subtractor                                      : 2
# Multiplexers                                         : 2
 8-bit 8-to-1 multiplexer                              : 2
# Xors                                                 : 1
 8-bit xor2                                            : 1

=========================================================================

=========================================================================
*                       Advanced HDL Synthesis                          *
=========================================================================


=========================================================================
Advanced HDL Synthesis Report

Macro Statistics
# Adders/Subtractors                                   : 6
 8-bit adder                                           : 3
 8-bit adder carry in                                  : 1
 8-bit subtractor                                      : 2
# Multiplexers                                         : 2
 8-bit 8-to-1 multiplexer                              : 2
# Xors                                                 : 1
 8-bit xor2                                            : 1

=========================================================================

=========================================================================
*                         Low Level Synthesis                           *
=========================================================================

Optimizing unit <top> ...

Optimizing unit <logic> ...

Optimizing unit <MUX> ...

Mapping all equations...
Building and optimizing final netlist ...
Found area constraint ratio of 100 (+ 5) on block top, actual ratio is 2.

Final Macro Processing ...

=========================================================================
Final Register Report

Found no macro
=========================================================================

=========================================================================
*                           Partition Report                            *
=========================================================================

Partition Implementation Status
-------------------------------

  No Partitions were found in this design.

-------------------------------

=========================================================================
*                            Final Report                               *
=========================================================================
Final Results
RTL Top Level Output File Name     : top.ngr
Top Level Output File Name         : top
Output Format                      : NGC
Optimization Goal                  : Speed
Keep Hierarchy                     : No

Design Statistics
# IOs                              : 29

Cell Usage :
# BELS                             : 186
#      GND                         : 1
#      INV                         : 1
#      LUT2                        : 19
#      LUT3                        : 66
#      LUT4                        : 19
#      MUXCY                       : 14
#      MUXF5                       : 34
#      MUXF6                       : 16
#      XORCY                       : 16
# IO Buffers                       : 29
#      IBUF                        : 21
#      OBUF                        : 8
=========================================================================

Device utilization summary:
---------------------------

Selected Device : 3s400pq208-4 

 Number of Slices:                       55  out of   3584     1%  
 Number of 4 input LUTs:                105  out of   7168     1%  
 Number of IOs:                          29
 Number of bonded IOBs:                  29  out of    141    20%  

---------------------------
Partition Resource Summary:
---------------------------

  No Partitions were found in this design.

---------------------------


=========================================================================
TIMING REPORT

NOTE: THESE TIMING NUMBERS ARE ONLY A SYNTHESIS ESTIMATE.
      FOR ACCURATE TIMING INFORMATION PLEASE REFER TO THE TRACE REPORT
      GENERATED AFTER PLACE-and-ROUTE.

Clock Information:
------------------
No clock signals found in this design

Asynchronous Control Signals Information:
----------------------------------------
No asynchronous control signals found in this design

Timing Summary:
---------------
Speed Grade: -4

   Minimum period: No path found
   Minimum input arrival time before clock: No path found
   Maximum output required time after clock: No path found
   Maximum combinational path delay: 16.144ns

Timing Detail:
--------------
All values displayed in nanoseconds (ns)

=========================================================================
Timing constraint: Default path analysis
  Total number of paths / destination ports: 532 / 8
-------------------------------------------------------------------------
Delay:               16.144ns (Levels of Logic = 9)
  Source:            B<0> (PAD)
  Destination:       Output<7> (PAD)

  Data Path: B<0> to Output<7>
                                Gate     Net
    Cell:in->out      fanout   Delay   Delay  Logical Name (Net Name)
    ----------------------------------------  ------------
     IBUF:I->O            13   0.821   1.509  B_0_IBUF (B_0_IBUF)
     LUT4:I0->O            3   0.551   0.975  Inst_MUX/Inst_arithic/Madd_arthc_addsub0002_xor<4>111 (Inst_MUX/N16)
     LUT3:I2->O            2   0.551   0.945  Inst_MUX/Inst_arithic/Madd_arthc_addsub0002_xor<6>111 (Inst_MUX/N5)
     LUT3:I2->O            1   0.551   0.996  Inst_MUX/Inst_arithic/Madd_arthc_addsub0002_xor<7>11 (Inst_MUX/Inst_arithic/arthc_addsub0002<7>)
     LUT3:I1->O            1   0.551   0.000  Inst_MUX/Inst_arithic/Mmux_arthc_514 (Inst_MUX/Inst_arithic/Mmux_arthc_514)
     MUXF5:I0->O           1   0.360   0.000  Inst_MUX/Inst_arithic/Mmux_arthc_3_f5_6 (Inst_MUX/Inst_arithic/Mmux_arthc_3_f57)
     MUXF6:I1->O           1   0.342   0.996  Inst_MUX/Inst_arithic/Mmux_arthc_2_f6_6 (Inst_MUX/I0<7>)
     LUT3:I1->O            1   0.551   0.801  Inst_MUX/Output<7>1 (Output_7_OBUF)
     OBUF:I->O                 5.644          Output_7_OBUF (Output<7>)
    ----------------------------------------
    Total                     16.144ns (9.922ns logic, 6.222ns route)
                                       (61.5% logic, 38.5% route)

=========================================================================


Total REAL time to Xst completion: 5.00 secs
Total CPU time to Xst completion: 4.68 secs
 
--> 

Total memory usage is 4513632 kilobytes

Number of errors   :    0 (   0 filtered)
Number of warnings :    0 (   0 filtered)
Number of infos    :    0 (   0 filtered)

