--------------------------------------------------------------------------------
Release 14.7 Trace  (nt64)
Copyright (c) 1995-2013 Xilinx, Inc.  All rights reserved.

C:\Xilinx\14.7\ISE_DS\ISE\bin\nt64\unwrapped\trce.exe -intstyle ise -v 3 -s 4
-n 3 -fastpaths -xml top.twx top.ncd -o top.twr top.pcf

Design file:              top.ncd
Physical constraint file: top.pcf
Device,package,speed:     xc3s400,pq208,-4 (PRODUCTION 1.39 2013-10-13)
Report level:             verbose report

Environment Variable      Effect 
--------------------      ------ 
NONE                      No environment variables were set
--------------------------------------------------------------------------------

INFO:Timing:2698 - No timing constraints found, doing default enumeration.
INFO:Timing:3412 - To improve timing, see the Timing Closure User Guide (UG612).
INFO:Timing:2752 - To get complete path coverage, use the unconstrained paths 
   option. All paths that are not constrained will be reported in the 
   unconstrained paths section(s) of the report.
INFO:Timing:3339 - The clock-to-out numbers in this timing report are based on 
   a 50 Ohm transmission line loading model.  For the details of this model, 
   and for more information on accounting for different loading conditions, 
   please see the device datasheet.
INFO:Timing:3390 - This architecture does not support a default System Jitter 
   value, please add SYSTEM_JITTER constraint to the UCF to modify the Clock 
   Uncertainty calculation.
INFO:Timing:3389 - This architecture does not support 'Discrete Jitter' and 
   'Phase Error' calculations, these terms will be zero in the Clock 
   Uncertainty calculation.  Please make appropriate modification to 
   SYSTEM_JITTER to account for the unsupported Discrete Jitter and Phase 
   Error.



Data Sheet report:
-----------------
All values displayed in nanoseconds (ns)

Pad to Pad
---------------+---------------+---------+
Source Pad     |Destination Pad|  Delay  |
---------------+---------------+---------+
A<0>           |Output<0>      |   12.813|
A<0>           |Output<1>      |   13.080|
A<0>           |Output<2>      |   12.931|
A<0>           |Output<3>      |   13.559|
A<0>           |Output<4>      |   13.191|
A<0>           |Output<5>      |   13.456|
A<0>           |Output<6>      |   12.764|
A<0>           |Output<7>      |   12.491|
A<1>           |Output<1>      |   12.378|
A<1>           |Output<2>      |   12.673|
A<1>           |Output<3>      |   13.301|
A<1>           |Output<4>      |   12.933|
A<1>           |Output<5>      |   13.198|
A<1>           |Output<6>      |   12.506|
A<1>           |Output<7>      |   12.492|
A<2>           |Output<2>      |   12.519|
A<2>           |Output<3>      |   13.767|
A<2>           |Output<4>      |   13.624|
A<2>           |Output<5>      |   13.889|
A<2>           |Output<6>      |   13.197|
A<2>           |Output<7>      |   13.097|
A<3>           |Output<3>      |   13.865|
A<3>           |Output<4>      |   14.166|
A<3>           |Output<5>      |   14.431|
A<3>           |Output<6>      |   13.739|
A<3>           |Output<7>      |   13.672|
A<4>           |Output<4>      |   12.934|
A<4>           |Output<5>      |   13.651|
A<4>           |Output<6>      |   13.516|
A<4>           |Output<7>      |   13.643|
A<5>           |Output<5>      |   13.461|
A<5>           |Output<6>      |   13.770|
A<5>           |Output<7>      |   13.897|
A<6>           |Output<6>      |   12.882|
A<6>           |Output<7>      |   13.629|
A<7>           |Output<7>      |   13.688|
B<0>           |Output<0>      |   11.968|
B<0>           |Output<1>      |   12.235|
B<0>           |Output<2>      |   12.095|
B<0>           |Output<3>      |   12.714|
B<0>           |Output<4>      |   12.537|
B<0>           |Output<5>      |   12.971|
B<0>           |Output<6>      |   12.448|
B<0>           |Output<7>      |   12.917|
B<1>           |Output<1>      |   12.037|
B<1>           |Output<2>      |   12.332|
B<1>           |Output<3>      |   12.960|
B<1>           |Output<4>      |   12.592|
B<1>           |Output<5>      |   12.857|
B<1>           |Output<6>      |   12.165|
B<1>           |Output<7>      |   12.266|
B<2>           |Output<2>      |   12.846|
B<2>           |Output<3>      |   14.094|
B<2>           |Output<4>      |   13.951|
B<2>           |Output<5>      |   14.216|
B<2>           |Output<6>      |   13.669|
B<2>           |Output<7>      |   14.138|
B<3>           |Output<3>      |   12.024|
B<3>           |Output<4>      |   12.912|
B<3>           |Output<5>      |   13.009|
B<3>           |Output<6>      |   12.649|
B<3>           |Output<7>      |   12.792|
B<4>           |Output<4>      |   12.367|
B<4>           |Output<5>      |   13.252|
B<4>           |Output<6>      |   12.919|
B<4>           |Output<7>      |   13.046|
B<5>           |Output<5>      |   13.349|
B<5>           |Output<6>      |   13.658|
B<5>           |Output<7>      |   13.785|
B<6>           |Output<6>      |   11.619|
B<6>           |Output<7>      |   12.366|
B<7>           |Output<7>      |   11.933|
Cin            |Output<0>      |   12.310|
Cin            |Output<1>      |   11.838|
Cin            |Output<2>      |   11.899|
Cin            |Output<3>      |   12.122|
Cin            |Output<4>      |   12.341|
Cin            |Output<5>      |   12.438|
Cin            |Output<6>      |   12.078|
Cin            |Output<7>      |   12.205|
S<0>           |Output<0>      |   11.928|
S<0>           |Output<1>      |   12.253|
S<0>           |Output<2>      |   12.482|
S<0>           |Output<3>      |   12.702|
S<0>           |Output<4>      |   11.566|
S<0>           |Output<5>      |   12.260|
S<0>           |Output<6>      |   10.454|
S<0>           |Output<7>      |   10.285|
S<1>           |Output<0>      |   11.607|
S<1>           |Output<1>      |   11.992|
S<1>           |Output<2>      |   12.551|
S<1>           |Output<3>      |   11.514|
S<1>           |Output<4>      |   11.399|
S<1>           |Output<5>      |   11.672|
S<1>           |Output<6>      |   10.204|
S<1>           |Output<7>      |   10.116|
S<2>           |Output<0>      |   12.142|
S<2>           |Output<1>      |   11.596|
S<2>           |Output<2>      |   12.057|
S<2>           |Output<3>      |   11.605|
S<2>           |Output<4>      |   10.900|
S<2>           |Output<5>      |   11.786|
S<2>           |Output<6>      |   10.034|
S<2>           |Output<7>      |   10.738|
S<3>           |Output<0>      |    9.029|
S<3>           |Output<1>      |    8.904|
S<3>           |Output<2>      |    8.443|
S<3>           |Output<3>      |    8.713|
S<3>           |Output<4>      |    8.012|
S<3>           |Output<5>      |    9.265|
S<3>           |Output<6>      |    7.870|
S<3>           |Output<7>      |    7.746|
---------------+---------------+---------+


Analysis completed Thu Oct 14 14:34:04 2021 
--------------------------------------------------------------------------------

Trace Settings:
-------------------------
Trace Settings 

Peak Memory Usage: 4490 MB



